<?xml version="1.0" encoding="UTF-8"?>
<!-- Generated by org.testng.reporters.JUnitReportReporter -->
<testsuite hostname="LAPTOP-07KH75E2" name="com.tausif.selenium.java.TC_001_HMS_Login_Logout" tests="1" failures="0" timestamp="23 Dec 2019 23:38:18 GMT" time="8.786" errors="0">
  <testcase name="hmsLogin_Logout" time="8.786" classname="com.tausif.selenium.java.TC_001_HMS_Login_Logout"/>
</testsuite> <!-- com.tausif.selenium.java.TC_001_HMS_Login_Logout -->
